{
  "RSpec": {
    "coverage": {
      "/Users/andela/Public/workspace/airstroll/spec/features/booking_spec.rb": [
        1,
        0,
        0,
        0,
        0,
        0,
        0,
        0,
        null,
        null,
        0,
        0,
        0,
        null,
        0,
        0,
        0,
        null,
        0,
        0,
        null,
        null,
        0,
        0,
        0,
        0,
        null,
        null,
        null,
        0,
        0,
        0,
        0,
        0,
        0,
        null,
        0,
        0,
        0,
        0,
        0,
        0,
        0,
        0,
        0,
        0,
        0,
        0,
        0,
        0,
        0,
        0,
        0,
        null,
        null,
        null,
        0,
        0,
        0,
        0,
        0,
        0,
        null,
        null
      ],
      "/Users/andela/Public/workspace/airstroll/spec/rails_helper.rb": [
        null,
        1,
        1,
        null,
        null,
        1,
        1,
        1,
        0,
        0,
        0,
        0,
        0,
        0,
        null,
        0,
        null,
        0,
        null,
        null,
        null,
        null,
        0,
        0,
        0,
        0,
        0,
        null,
        0,
        0,
        0,
        0,
        null,
        0,
        null,
        null,
        0,
        0,
        0,
        null,
        0,
        null,
        null,
        null,
        null,
        null,
        null,
        null,
        null,
        null,
        null,
        null,
        null,
        null,
        null,
        null,
        0,
        null,
        null,
        0,
        null,
        null,
        null
      ],
      "/Users/andela/Public/workspace/airstroll/config/environment.rb": [
        null,
        1,
        null,
        null,
        1,
        null,
        1,
        null,
        null,
        null,
        null,
        null,
        null,
        null,
        null
      ],
      "/Users/andela/Public/workspace/airstroll/config/application.rb": [
        1,
        null,
        1,
        1,
        1,
        null,
        1,
        1,
        1,
        1,
        null,
        null
      ],
      "/Users/andela/Public/workspace/airstroll/config/boot.rb": [
        1,
        null,
        1
      ],
      "/Users/andela/Public/workspace/airstroll/config/environments/test.rb": [
        1,
        1,
        null,
        1,
        null,
        1,
        1,
        null,
        1,
        null,
        1,
        null,
        1,
        null,
        1,
        null,
        1,
        null,
        1,
        null,
        1,
        null
      ],
      "/Users/andela/Public/workspace/airstroll/config/initializers/assets.rb": [
        null,
        null,
        null,
        null,
        1,
        0,
        0,
        null
      ],
      "/Users/andela/Public/workspace/airstroll/config/initializers/backtrace_silencers.rb": [
        null
      ],
      "/Users/andela/Public/workspace/airstroll/config/initializers/cookies_serializer.rb": [
        null,
        null,
        1
      ],
      "/Users/andela/Public/workspace/airstroll/config/initializers/filter_parameter_logging.rb": [
        null,
        null,
        null,
        1
      ],
      "/Users/andela/Public/workspace/airstroll/config/initializers/inflections.rb": [
        null,
        null,
        null,
        null,
        null,
        null,
        null,
        null,
        null,
        null,
        null,
        null,
        null,
        null,
        null,
        null
      ],
      "/Users/andela/Public/workspace/airstroll/config/initializers/mime_types.rb": [
        null,
        null,
        null,
        null
      ],
      "/Users/andela/Public/workspace/airstroll/config/initializers/omnioauth.rb": [
        1,
        1,
        null,
        1,
        null,
        null,
        null,
        null,
        null
      ],
      "/Users/andela/Public/workspace/airstroll/config/initializers/session_store.rb": [
        null,
        null,
        1
      ],
      "/Users/andela/Public/workspace/airstroll/config/initializers/wrap_parameters.rb": [
        null,
        null,
        1,
        1,
        null
      ],
      "/Users/andela/Public/workspace/airstroll/spec/factories/airlines.rb": [
        1,
        1,
        1,
        1,
        1,
        null,
        null
      ],
      "/Users/andela/Public/workspace/airstroll/spec/factories/airports.rb": [
        1,
        1,
        1,
        1,
        1,
        1,
        null,
        1,
        1,
        null,
        null,
        1,
        1,
        null,
        null,
        null
      ],
      "/Users/andela/Public/workspace/airstroll/spec/factories/bookings.rb": [
        1,
        1,
        1,
        1,
        1,
        1,
        null,
        null
      ],
      "/Users/andela/Public/workspace/airstroll/spec/factories/flights.rb": [
        1,
        1,
        1,
        1,
        1,
        1,
        1,
        1,
        1,
        1,
        1,
        null,
        null
      ],
      "/Users/andela/Public/workspace/airstroll/spec/factories/passenger.rb": [
        1,
        1,
        1,
        1,
        1,
        1,
        null,
        null
      ],
      "/Users/andela/Public/workspace/airstroll/config/routes.rb": [
        1,
        1,
        1,
        1,
        1,
        1,
        1,
        1,
        1,
        1,
        1,
        1,
        null
      ],
      "/Users/andela/Public/workspace/airstroll/app/helpers/application_helper.rb": [
        null,
        null,
        null,
        null,
        null,
        null,
        null,
        null,
        null,
        null,
        null
      ]
    },
    "timestamp": 1461763998
  }
}
