{
  "RSpec": {
    "coverage": {
      "/Users/andela/Public/workspace/airstroll/spec/features/booking_spec.rb": [
        1,
        1,
        1,
        3,
        3,
        3,
        3,
        3,
        null,
        null,
        1,
        1,
        1,
        1,
        1,
        1,
        1,
        null,
        1,
        1,
        1,
        null,
        1,
        1,
        null,
        null,
        1,
        1,
        1,
        1,
        1,
        1,
        1,
        1,
        1,
        null,
        null,
        null,
        1,
        1,
        1,
        1,
        1,
        1,
        null,
        1,
        1,
        1,
        1,
        1,
        1,
        1,
        1,
        1,
        1,
        1,
        1,
        1,
        1,
        1,
        1,
        1,
        1,
        1,
        1,
        null,
        null,
        null
      ],
      "/Users/andela/Public/workspace/airstroll/spec/rails_helper.rb": [
        null,
        1,
        1,
        null,
        null,
        1,
        1,
        1,
        1,
        1,
        1,
        1,
        1,
        3,
        null,
        1,
        null,
        1,
        null,
        null,
        null,
        null,
        1,
        1,
        2,
        31,
        7,
        null,
        31,
        31,
        1,
        1,
        null,
        1,
        null,
        null,
        1,
        1,
        1,
        null,
        1,
        null,
        null,
        null,
        null,
        null,
        null,
        null,
        null,
        null,
        null,
        null,
        null,
        null,
        null,
        null,
        1,
        null,
        null,
        1,
        null,
        null,
        null
      ],
      "/Users/andela/Public/workspace/airstroll/config/environment.rb": [
        null,
        1,
        null,
        null,
        1,
        null,
        1,
        null,
        null,
        null,
        null,
        null,
        null,
        null,
        null
      ],
      "/Users/andela/Public/workspace/airstroll/config/application.rb": [
        1,
        null,
        1,
        null,
        1,
        null,
        1,
        1,
        1,
        null,
        null
      ],
      "/Users/andela/Public/workspace/airstroll/config/boot.rb": [
        1,
        null,
        1
      ],
      "/Users/andela/Public/workspace/airstroll/config/environments/test.rb": [
        1,
        1,
        null,
        1,
        null,
        1,
        1,
        null,
        1,
        null,
        1,
        null,
        1,
        null,
        1,
        null,
        1,
        null,
        1,
        null,
        1,
        null
      ],
      "/Users/andela/Public/workspace/airstroll/config/initializers/assets.rb": [
        null,
        null,
        null,
        1
      ],
      "/Users/andela/Public/workspace/airstroll/config/initializers/backtrace_silencers.rb": [
        null
      ],
      "/Users/andela/Public/workspace/airstroll/config/initializers/cookies_serializer.rb": [
        null,
        null,
        1
      ],
      "/Users/andela/Public/workspace/airstroll/config/initializers/filter_parameter_logging.rb": [
        null,
        null,
        null,
        1
      ],
      "/Users/andela/Public/workspace/airstroll/config/initializers/inflections.rb": [
        null,
        null,
        null,
        null,
        null,
        null,
        null,
        null,
        null,
        null,
        null,
        null,
        null,
        null,
        null,
        null
      ],
      "/Users/andela/Public/workspace/airstroll/config/initializers/mime_types.rb": [
        null,
        null,
        null,
        null
      ],
      "/Users/andela/Public/workspace/airstroll/config/initializers/omnioauth.rb": [
        1,
        1,
        null,
        1,
        null,
        null,
        null,
        null,
        null
      ],
      "/Users/andela/Public/workspace/airstroll/config/initializers/session_store.rb": [
        null,
        null,
        1
      ],
      "/Users/andela/Public/workspace/airstroll/config/initializers/wrap_parameters.rb": [
        null,
        null,
        1,
        1,
        null
      ],
      "/Users/andela/Public/workspace/airstroll/spec/factories/airlines.rb": [
        1,
        1,
        1,
        1,
        1,
        null,
        null
      ],
      "/Users/andela/Public/workspace/airstroll/spec/factories/airports.rb": [
        1,
        1,
        1,
        1,
        1,
        1,
        null,
        1,
        1,
        null,
        null,
        1,
        1,
        null,
        null,
        null
      ],
      "/Users/andela/Public/workspace/airstroll/spec/factories/bookings.rb": [
        1,
        1,
        1,
        1,
        1,
        1,
        null,
        null
      ],
      "/Users/andela/Public/workspace/airstroll/spec/factories/flights.rb": [
        1,
        1,
        1,
        1,
        1,
        1,
        1,
        1,
        1,
        1,
        1,
        null,
        null
      ],
      "/Users/andela/Public/workspace/airstroll/spec/factories/passenger.rb": [
        1,
        1,
        1,
        1,
        1,
        1,
        null,
        null
      ],
      "/Users/andela/Public/workspace/airstroll/config/routes.rb": [
        1,
        1,
        1,
        1,
        1,
        1,
        1,
        1,
        1,
        1,
        1,
        1,
        null
      ],
      "/Users/andela/Public/workspace/airstroll/app/helpers/application_helper.rb": [
        1,
        1,
        3,
        0,
        0,
        0,
        0,
        null,
        3,
        null,
        null,
        null
      ],
      "/Users/andela/Public/workspace/airstroll/app/helpers/sessions_helper.rb": [
        1,
        null
      ],
      "/Users/andela/Public/workspace/airstroll/spec/support/omniouath_helper.rb": [
        null,
        1,
        1,
        null,
        1,
        2,
        null,
        null,
        1,
        0,
        null,
        null,
        1,
        2,
        null,
        null,
        null,
        null,
        null,
        null,
        null,
        null,
        null,
        null,
        null,
        null,
        null,
        null,
        null,
        null,
        null,
        null,
        null,
        null,
        null,
        null,
        null,
        null,
        null,
        null,
        null,
        null,
        null,
        null,
        null,
        null,
        null,
        null,
        null
      ],
      "/Users/andela/Public/workspace/airstroll/spec/support/seed.rb": [
        1,
        1,
        null,
        null,
        7,
        null,
        null,
        null,
        null,
        null,
        null,
        null,
        1,
        7,
        28,
        null,
        null,
        1,
        7,
        null,
        null,
        null,
        null,
        7,
        28,
        7,
        null,
        null,
        null,
        null,
        null,
        7,
        7,
        14,
        null,
        null,
        7,
        7,
        7,
        null,
        7,
        7,
        7,
        7,
        7,
        7,
        7,
        null,
        7,
        7,
        7,
        null,
        7,
        7,
        7,
        7,
        7,
        7,
        7,
        null,
        7,
        7,
        7,
        null,
        7,
        7,
        7,
        7,
        7,
        7,
        7,
        null,
        null
      ],
      "/Users/andela/Public/workspace/airstroll/spec/features/search_for_flight_spec.rb": [
        1,
        1,
        1,
        4,
        4,
        4,
        4,
        4,
        null,
        null,
        1,
        1,
        1,
        null,
        1,
        1,
        1,
        1,
        1,
        1,
        1,
        null,
        1,
        1,
        1,
        1,
        1,
        1,
        1,
        null,
        null,
        1,
        1,
        1,
        1,
        null,
        null,
        null,
        null
      ],
      "/Users/andela/Public/workspace/airstroll/spec/models/airline_spec.rb": [
        1,
        null,
        1,
        2,
        2,
        2,
        1,
        1,
        null,
        2,
        null
      ],
      "/Users/andela/Public/workspace/airstroll/app/models/airline.rb": [
        null,
        1,
        1,
        null
      ],
      "/Users/andela/Public/workspace/airstroll/spec/models/airplane_spec.rb": [
        1,
        null,
        1,
        2,
        2,
        2,
        2,
        1,
        1,
        null,
        2,
        null
      ],
      "/Users/andela/Public/workspace/airstroll/app/models/airplane.rb": [
        null,
        1,
        1,
        null
      ],
      "/Users/andela/Public/workspace/airstroll/spec/models/airport_spec.rb": [
        1,
        1,
        3,
        3,
        3,
        3,
        1,
        2,
        null,
        2,
        2,
        null
      ],
      "/Users/andela/Public/workspace/airstroll/app/models/airport.rb": [
        null,
        1,
        1,
        1,
        null
      ],
      "/Users/andela/Public/workspace/airstroll/spec/models/booking_spec.rb": [
        1,
        1,
        7,
        null,
        1,
        1,
        1,
        null,
        1,
        6,
        6,
        6,
        6,
        null,
        null,
        1,
        2,
        null,
        null,
        1,
        1,
        1,
        1,
        null,
        null,
        1,
        1,
        1,
        null,
        null,
        1,
        1,
        1,
        1,
        null,
        null,
        null,
        1,
        1,
        1,
        2,
        null,
        null,
        1,
        1,
        2,
        null,
        null,
        null
      ],
      "/Users/andela/Public/workspace/airstroll/app/models/booking.rb": [
        null,
        1,
        1,
        1,
        1,
        1,
        null,
        1,
        1,
        null,
        1,
        3,
        null,
        null
      ],
      "/Users/andela/Public/workspace/airstroll/spec/models/flight_spec.rb": [
        1,
        1,
        1,
        null,
        1,
        1,
        1,
        1,
        1,
        1,
        1,
        1,
        1,
        1,
        1,
        1,
        1,
        null,
        2,
        2,
        2,
        2,
        null,
        1,
        1,
        1,
        2,
        2,
        2,
        null,
        1,
        2,
        2,
        2,
        2,
        1,
        1,
        null,
        null,
        null,
        null,
        null,
        1,
        2,
        null,
        null
      ],
      "/Users/andela/Public/workspace/airstroll/app/models/flight.rb": [
        null,
        1,
        1,
        1,
        1,
        1,
        null,
        1,
        6,
        5,
        null,
        null,
        null,
        1,
        null,
        null,
        null,
        1,
        7,
        null,
        null
      ],
      "/Users/andela/Public/workspace/airstroll/spec/models/passenger_spec.rb": [
        1,
        1,
        5,
        3,
        3,
        1,
        4,
        null,
        1,
        3,
        2,
        null,
        3,
        2,
        null,
        2,
        2,
        null
      ],
      "/Users/andela/Public/workspace/airstroll/app/models/passenger.rb": [
        null,
        1,
        1,
        1,
        1,
        1,
        null
      ],
      "/Users/andela/Public/workspace/airstroll/spec/models/user_spec.rb": [
        1,
        1,
        1,
        1,
        1,
        1,
        1,
        1,
        null,
        1,
        2,
        null,
        null,
        1,
        1,
        1,
        null,
        null,
        null
      ],
      "/Users/andela/Public/workspace/airstroll/app/models/user.rb": [
        null,
        1,
        1,
        null,
        1,
        2,
        2,
        2,
        2,
        2,
        2,
        null,
        null,
        null
      ],
      "/Users/andela/Public/workspace/airstroll/app/controllers/flight_controller.rb": [
        1,
        1,
        6,
        null,
        null,
        1,
        4,
        null,
        null,
        null,
        null,
        1,
        2,
        null,
        null,
        1,
        null,
        1,
        12,
        null,
        null
      ],
      "/Users/andela/Public/workspace/airstroll/app/controllers/application_controller.rb": [
        1,
        1,
        1,
        null,
        1,
        36,
        null,
        null
      ],
      "/Users/andela/Public/workspace/airstroll/app/controllers/bookings_controller.rb": [
        1,
        1,
        3,
        1,
        null,
        2,
        2,
        2,
        2,
        null,
        null,
        null,
        1,
        2,
        null,
        null,
        1,
        1,
        1,
        1,
        null,
        null,
        1,
        1,
        1,
        1,
        1,
        null,
        null,
        1,
        null,
        null,
        1,
        0,
        0,
        0,
        null,
        0,
        null,
        0,
        null,
        null,
        1,
        1,
        null,
        null,
        1,
        2,
        2,
        null,
        null,
        1,
        4,
        4,
        null,
        null,
        1,
        null,
        1,
        6,
        null,
        null,
        null,
        null,
        null,
        1,
        3,
        null,
        1,
        2,
        null,
        1,
        null,
        1,
        1,
        null,
        1,
        null,
        null,
        null,
        null
      ],
      "/Users/andela/Public/workspace/airstroll/app/mailers/passenger_mailer.rb": [
        1,
        1,
        1,
        2,
        2,
        null,
        null,
        1,
        1,
        1,
        null,
        null,
        1,
        3,
        3,
        null,
        null
      ],
      "/Users/andela/Public/workspace/airstroll/app/mailers/application_mailer.rb": [
        1,
        1,
        1,
        null
      ],
      "/Users/andela/Public/workspace/airstroll/app/controllers/sessions_controller.rb": [
        1,
        1,
        1,
        1,
        1,
        1,
        1,
        null,
        null,
        1,
        0,
        0,
        0,
        null,
        null
      ]
    },
    "timestamp": 1460027312
  }
}
